<?xml version="1.0" encoding="UTF-8"?>
<!-- Generated by org.testng.reporters.JUnitXMLReporter -->
<testsuite ignored="0" hostname="DESKTOP-F97S5V0" failures="0" tests="3" name="Default test" time="52.896" errors="0" timestamp="2022-08-16T20:05:09 IST">
  <testcase classname="com.movie.Details" name="IMDB" time="39.267"/>
  <testcase classname="com.movie.Details" name="compare" time="0.008"/>
  <testcase classname="com.movie.Details" name="wiki" time="13.487"/>
</testsuite> <!-- Default test -->
