<?xml version="1.0" encoding="UTF-8"?>
<testng-results ignored="0" total="3" passed="3" failed="0" skipped="0">
  <reporter-output>
  </reporter-output>
  <suite started-at="2022-08-16T21:59:46 IST" name="Suite" finished-at="2022-08-16T22:01:37 IST" duration-ms="110365">
    <groups>
    </groups>
    <test started-at="2022-08-16T21:59:46 IST" name="Test" finished-at="2022-08-16T22:01:37 IST" duration-ms="110365">
      <class name="com.movie.Details">
        <test-method signature="IMDB()[pri:0, instance:com.movie.Details@647fd8ce]" started-at="2022-08-16T21:59:46 IST" name="IMDB" finished-at="2022-08-16T22:01:37 IST" duration-ms="110217" status="PASS">
          <reporter-output>
          </reporter-output>
        </test-method> <!-- IMDB -->
        <test-method signature="wiki()[pri:0, instance:com.movie.Details@647fd8ce]" started-at="2022-08-16T21:59:46 IST" name="wiki" finished-at="2022-08-16T22:00:36 IST" duration-ms="49635" status="PASS">
          <reporter-output>
          </reporter-output>
        </test-method> <!-- wiki -->
        <test-method signature="compare()[pri:0, instance:com.movie.Details@647fd8ce]" started-at="2022-08-16T21:59:46 IST" name="compare" finished-at="2022-08-16T21:59:46 IST" duration-ms="57" status="PASS">
          <reporter-output>
          </reporter-output>
        </test-method> <!-- compare -->
      </class> <!-- com.movie.Details -->
    </test> <!-- Test -->
  </suite> <!-- Suite -->
</testng-results>
